2023/12/07 19:03:05 AzcopyVersion  10.22.0
2023/12/07 19:03:05 OS-Environment  linux
2023/12/07 19:03:05 OS-Architecture  amd64
2023/12/07 19:03:05 Log times are in UTC. Local time is 7 Dec 2023 19:03:05
2023/12/07 19:03:05 ISO 8601 START TIME: to copy files that changed before or after this job started, use the parameter --include-before=2023-12-07T19:03:00Z or --include-after=2023-12-07T19:03:00Z
2023/12/07 19:03:06 Any empty folders will not be processed, because source and/or destination doesn't have full folder support
2023/12/07 19:03:06 Job-Command cp https://publicgit.blob.core.windows.net/data/tsv_data/coco_caption/test.img.lineidx.8b /tmp/publicgit/data/coco_caption/test.img.lineidx.8b 
2023/12/07 19:03:06 Number of CPUs: 8
2023/12/07 19:03:06 Max file buffer RAM 4.000 GB
2023/12/07 19:03:06 Max concurrent network operations: 128 (Based on number of CPUs. Set AZCOPY_CONCURRENCY_VALUE environment variable to override)
2023/12/07 19:03:06 Check CPU usage when dynamically tuning concurrency: true (Based on hard-coded default. Set AZCOPY_TUNE_TO_CPU environment variable to true or false override)
2023/12/07 19:03:06 Max concurrent transfer initiation routines: 64 (Based on hard-coded default. Set AZCOPY_CONCURRENT_FILES environment variable to override)
2023/12/07 19:03:06 Max enumeration routines: 16 (Based on hard-coded default. Set AZCOPY_CONCURRENT_SCAN environment variable to override)
2023/12/07 19:03:06 Parallelize getting file properties (file.Stat): false (Based on AZCOPY_PARALLEL_STAT_FILES environment variable)
2023/12/07 19:03:06 Max open files when downloading: 1048047 (auto-computed)
2023/12/07 19:03:06 Final job part has been created
2023/12/07 19:03:06 Final job part has been scheduled
2023/12/07 19:03:07 ==> REQUEST/RESPONSE (Try=1/121.133179ms, OpTime=380.642612ms) -- RESPONSE SUCCESSFULLY RECEIVED
   GET https://publicgit.blob.core.windows.net/data/tsv_data%2Fcoco_caption%2Ftest.img.lineidx.8b
   X-Ms-Request-Id: [e894ddc5-c01e-0079-4440-2951bf000000]

2023/12/07 19:03:07 INFO: [P#0-T#0] DOWNLOADSUCCESSFUL: /tmp/publicgit/data/coco_caption/test.img.lineidx.8b
2023/12/07 19:03:07 JobID=4e3f866b-daef-0441-5cf5-7c2e9a941eff, Part#=0, TransfersDone=1 of 1
2023/12/07 19:03:07 all parts of entire Job 4e3f866b-daef-0441-5cf5-7c2e9a941eff successfully completed, cancelled or paused
2023/12/07 19:03:07 is part of Job which 1 total number of parts done 
2023/12/07 19:03:08 PERF: primary performance constraint is Unknown. States: C:  0, R:  0, W:  0, F:  0, H:  0, B:  0, S:  0, P:  0, Q:  0, D:  0, E:  0, T:  0, GRs: 128
2023/12/07 19:03:08 100.0 %, 1 Done, 0 Failed, 0 Pending, 0 Skipped, 1 Total, 2-sec Throughput (Mb/s): 0.1599
2023/12/07 19:03:08 

Diagnostic stats:
IOPS: 0
End-to-end ms per request: 0
Network Errors: 0.00%
Server Busy: 0.00%


Job 4e3f866b-daef-0441-5cf5-7c2e9a941eff summary
Elapsed Time (Minutes): 0.0333
Number of File Transfers: 1
Number of Folder Property Transfers: 0
Number of Symlink Transfers: 0
Total Number of Transfers: 1
Number of File Transfers Completed: 1
Number of Folder Transfers Completed: 0
Number of File Transfers Failed: 0
Number of Folder Transfers Failed: 0
Number of File Transfers Skipped: 0
Number of Folder Transfers Skipped: 0
TotalBytesTransferred: 40000
Final Job Status: Completed

2023/12/07 19:03:08 Closing Log
