2023/12/08 13:56:19 AzcopyVersion  10.22.0
2023/12/08 13:56:19 OS-Environment  linux
2023/12/08 13:56:19 OS-Architecture  amd64
2023/12/08 13:56:19 Log times are in UTC. Local time is 8 Dec 2023 13:56:19
2023/12/08 13:56:19 ISO 8601 START TIME: to copy files that changed before or after this job started, use the parameter --include-before=2023-12-08T13:56:14Z or --include-after=2023-12-08T13:56:14Z
2023/12/08 13:56:20 Any empty folders will not be processed, because source and/or destination doesn't have full folder support
2023/12/08 13:56:20 Job-Command cp https://publicgit.blob.core.windows.net/data/tsv_data/TaxVQAv2/test.lineidx.8b /tmp/publicgit/data/TaxVQAv2/test.lineidx.8b 
2023/12/08 13:56:20 Number of CPUs: 8
2023/12/08 13:56:20 Max file buffer RAM 4.000 GB
2023/12/08 13:56:20 Max concurrent network operations: 128 (Based on number of CPUs. Set AZCOPY_CONCURRENCY_VALUE environment variable to override)
2023/12/08 13:56:20 Check CPU usage when dynamically tuning concurrency: true (Based on hard-coded default. Set AZCOPY_TUNE_TO_CPU environment variable to true or false override)
2023/12/08 13:56:20 Max concurrent transfer initiation routines: 64 (Based on hard-coded default. Set AZCOPY_CONCURRENT_FILES environment variable to override)
2023/12/08 13:56:20 Max enumeration routines: 16 (Based on hard-coded default. Set AZCOPY_CONCURRENT_SCAN environment variable to override)
2023/12/08 13:56:20 Parallelize getting file properties (file.Stat): false (Based on AZCOPY_PARALLEL_STAT_FILES environment variable)
2023/12/08 13:56:20 Max open files when downloading: 1048047 (auto-computed)
2023/12/08 13:56:20 Final job part has been created
2023/12/08 13:56:20 Final job part has been scheduled
2023/12/08 13:56:21 ==> REQUEST/RESPONSE (Try=1/102.153329ms, OpTime=364.684234ms) -- RESPONSE SUCCESSFULLY RECEIVED
   GET https://publicgit.blob.core.windows.net/data/tsv_data%2FTaxVQAv2%2Ftest.lineidx.8b
   X-Ms-Request-Id: [39d64a73-d01e-0065-6cde-2903df000000]

2023/12/08 13:56:21 INFO: [P#0-T#0] DOWNLOADSUCCESSFUL: /tmp/publicgit/data/TaxVQAv2/test.lineidx.8b
2023/12/08 13:56:21 JobID=8188a049-0a26-8f40-7da1-76be16cb7f93, Part#=0, TransfersDone=1 of 1
2023/12/08 13:56:21 all parts of entire Job 8188a049-0a26-8f40-7da1-76be16cb7f93 successfully completed, cancelled or paused
2023/12/08 13:56:21 is part of Job which 1 total number of parts done 
2023/12/08 13:56:22 PERF: primary performance constraint is Unknown. States: C:  0, R:  0, W:  0, F:  0, H:  0, B:  0, S:  0, P:  0, Q:  0, D:  0, E:  0, T:  0, GRs: 128
2023/12/08 13:56:22 100.0 %, 1 Done, 0 Failed, 0 Pending, 0 Skipped, 1 Total, 2-sec Throughput (Mb/s): 2.6045
2023/12/08 13:56:22 

Diagnostic stats:
IOPS: 0
End-to-end ms per request: 0
Network Errors: 0.00%
Server Busy: 0.00%


Job 8188a049-0a26-8f40-7da1-76be16cb7f93 summary
Elapsed Time (Minutes): 0.0334
Number of File Transfers: 1
Number of Folder Property Transfers: 0
Number of Symlink Transfers: 0
Total Number of Transfers: 1
Number of File Transfers Completed: 1
Number of Folder Transfers Completed: 0
Number of File Transfers Failed: 0
Number of Folder Transfers Failed: 0
Number of File Transfers Skipped: 0
Number of Folder Transfers Skipped: 0
TotalBytesTransferred: 651472
Final Job Status: Completed

2023/12/08 13:56:22 Closing Log
